[2025-06-23 16:41:53] [START] === DÉBUT DU DIAGNOSTIC AVANCÉ ===
[2025-06-23 16:41:53] [APP_KEY] Fichier .env existe: OUI
[2025-06-23 16:41:53] [APP_KEY] APP_KEY définie: OUI
[2025-06-23 16:41:53] [APP_KEY] APP_KEY valeur: base64:xr5JBLuPJoWm3...
[2025-06-23 16:41:53] [SESSION] Test de session avec APP_KEY: CRÉÉ
[2025-06-23 16:41:53] [SESSION] Session test persiste: OUI - test_value_1750696913
[2025-06-23 16:41:53] [SESSION] Session 'license_key': PRÉSENTE - 4PIA-V48B-6WJ9-RVLW
[2025-06-23 16:41:53] [SESSION] Session 'license_valid': PRÉSENTE - true
[2025-06-23 16:41:53] [SESSION] Session 'db_config': PRÉSENTE - {"host":"localhost","port":"3306","database":"adminlicence_final_test","username":"root","password":""}
[2025-06-23 16:41:53] [SESSION] Session 'admin_config': PRÉSENTE - {"name":"Admin Final Test","email":"admin@finaltest.local","password":"TestFinal123"}
[2025-06-23 16:41:53] [SESSION] Session 'system_check_passed': PRÉSENTE - true
[2025-06-23 16:41:53] [ENV_WRITE] Test d'écriture .env - Début
[2025-06-23 16:41:53] [ENV_WRITE] Permissions .env: ÉCRITURE OK
[2025-06-23 16:41:53] [ENV_WRITE] Test d'écriture .env: SUCCÈS (35 octets)
[2025-06-23 16:41:53] [STEP3_SIM] Simulation étape 3 - Début
[2025-06-23 16:41:53] [STEP3_SIM] DB Config stockée en session: {"host":"localhost","port":"3306","database":"test_adminlicence","username":"test_user","password":"test_password"}
[2025-06-23 16:41:53] [ENV_UPDATE] Variable DB_HOST mise à jour: localhost
[2025-06-23 16:41:53] [ENV_UPDATE] Variable DB_PORT mise à jour: 3306
[2025-06-23 16:41:53] [ENV_UPDATE] Variable DB_DATABASE mise à jour: test_adminlicence
[2025-06-23 16:41:53] [ENV_UPDATE] Variable DB_USERNAME mise à jour: test_user
[2025-06-23 16:41:53] [ENV_UPDATE] Variable DB_PASSWORD mise à jour: test_password
[2025-06-23 16:41:53] [ENV_UPDATE] Mise à jour .env réussie: 1313 octets
[2025-06-23 16:41:53] [CACHE_TEST] Test impact cache - Début
[2025-06-23 16:41:53] [CACHE_TEST] Cache trouvé: config.php
[2025-06-23 16:41:53] [CACHE_TEST] Cache trouvé: routes-v7.php
[2025-06-23 16:41:53] [CACHE_TEST] Cache trouvé: services.php
[2025-06-23 16:41:53] [CACHE_TEST] Cache trouvé: packages.php
[2025-06-23 16:41:53] [ERROR] PROBLÈME: Cache Laravel empêche lecture .env - config.php, routes-v7.php, services.php, packages.php
[2025-06-23 16:41:53] [SQLSTATE_TEST] Analyse erreur SQLSTATE - Début
[2025-06-23 16:41:53] [SQLSTATE_TEST] 'adminlicenceteste' PAS dans .env actuel
[2025-06-23 16:41:53] [SQLSTATE_TEST] DB_USERNAME actuel: test_user
[2025-06-23 16:41:53] [SQLSTATE_TEST] DB_DATABASE actuel: test_adminlicence
[2025-06-23 16:41:53] [SUMMARY] === RÉSUMÉ FINAL ===
[2025-06-23 16:41:53] [SUMMARY] Problèmes identifiés: 1
[2025-06-23 16:41:53] [SUMMARY] - Cache Laravel présent: config.php, routes-v7.php, services.php, packages.php
[2025-06-23 16:41:53] [END] === FIN DU DIAGNOSTIC AVANCÉ ===
