{
    "time": "2025-06-20 04:00:45",
    "function": "detectProjectType",
    "initial_project_root": "R:\\Adev\\200  -  test\\AdminLicence-4.5.1\\public"
}

{
    "time": "2025-06-20 04:00:45",
    "function": "detectProjectType",
    "message": "Detection d'un projet Laravel dans le repertoire parent",
    "adjusted_project_root": "R:\\Adev\\200  -  test\\AdminLicence-4.5.1"
}

{
    "time": "2025-06-20 04:00:45",
    "function": "detectProjectType",
    "message": "Projet Laravel d\u00e9tect\u00e9",
    "has_env": true,
    "has_vendor": true
}

{
    "time": "2025-06-20 04:00:45",
    "function": "detectProjectType",
    "result": {
        "type": "laravel",
        "has_env": true,
        "has_vendor": true,
        "project_root": "R:\\Adev\\200  -  test\\AdminLicence-4.5.1",
        "ready_for_next": true
    }
}

{
    "time": "2025-06-20 04:00:45",
    "function": "detect_project",
    "project_info": {
        "type": "laravel",
        "has_env": true,
        "has_vendor": true,
        "project_root": "R:\\Adev\\200  -  test\\AdminLicence-4.5.1",
        "ready_for_next": true
    },
    "env_exists": "oui",
    "vendor_exists": "oui"
}

